main_link_prediction.py[line:410]: - Namespace(batch_size=1280000, dataset='MyDataset', decoder='DisMult', dropout=0.05, eval_every=1, fan_out='10,25', gpu=0, log_every=20, loss='CrossEntropyLoss', lr=0.001, margin=10.0, model='HGT', neg_share=False, num_epochs=10, num_eval_negs=100, num_heads=[8, 4], num_hidden=64, num_layers=2, num_negs=3, num_output=64, num_workers=0)
Finished data loading.
  NumNodes: 1239463
  NumEdges: 40787683
  NumFeats: 128
  NumNodesType: 12
  NumRelsType: 59
main_link_prediction.py[line:168]: - --------------------------------------------------
main_link_prediction.py[line:169]: - Dataloader size: 28
main_link_prediction.py[line:170]: - Dataloader sample graph: 40787683
main_link_prediction.py[line:171]: - Train Edges: 34671896
main_link_prediction.py[line:172]: - Test Edges: 2037945
main_link_prediction.py[line:173]: - Valid Edges: 4077830
main_link_prediction.py[line:181]: - --------------------------------------------------
main_link_prediction.py:235: UserWarning: This overload of nonzero is deprecated:
        nonzero()
Consider using one of the following signatures instead:
        nonzero(*, bool as_tuple) (Triggered internally at  /opt/conda/conda-bld/pytorch_1607370156314/work/torch/csrc/utils/python_arg_parser.cpp:882.)
  select_ids = torch.cat([(input_nodes[k] == i).nonzero() for i in pos_graph.ndata['_ID'][k]]).squeeze()
main_link_prediction.py[line:294]: - Epoch 00000 | Step 00020 | Loss 65.1617 | F1 0.3955 0.2983 0.5866 | Speed (samples/sec) 12360.7013|37082.1040 | Load 25.5799| train 83.7136 | GPU 8802.6 MB
main_link_prediction.py[line:299]: - Epoch Time(s): 2955.1976
main_link_prediction.py[line:303]: - [Total] Epoch 00000 | Step 00027 | Loss 1846.3036 | F1 0.4781 0.3741 0.6701 | Speed (samples/sec) 12520.0779|37560.2337 | Load 23.3150| train 78.6843 | GPU 8819.5 MB
utils.py[line:250]: - eval subgraph edge number: 4077830
100%|██████████| 160/160 [1:28:52<00:00, 33.33s/it]
main_link_prediction.py[line:308]: - Eval Link Prediction valid MRR 0.5171 MR 5.2382 Hits@1 0.3456 Hits@50 0.7540 Hits@100 0.9240 NDCG 0.0000
main_link_prediction.py[line:294]: - Epoch 00001 | Step 00020 | Loss 58.1226 | F1 0.8221 0.7557 0.9021 | Speed (samples/sec) 11307.1117|33921.3351 | Load 26.2446| train 88.5322 | GPU 8830.4 MB
main_link_prediction.py[line:299]: - Epoch Time(s): 3567.1301
main_link_prediction.py[line:303]: - [Total] Epoch 00001 | Step 00027 | Loss 1637.9431 | F1 0.8240 0.7589 0.9020 | Speed (samples/sec) 10953.6502|32860.9507 | Load 26.4033| train 89.0118 | GPU 8830.4 MB
utils.py[line:250]: - eval subgraph edge number: 4077830
100%|██████████| 160/160 [1:20:00<00:00, 30.00s/it]
main_link_prediction.py[line:308]: - Eval Link Prediction valid MRR 0.5875 MR 4.4026 Hits@1 0.4235 Hits@50 0.8107 Hits@100 0.9412 NDCG 0.0000
main_link_prediction.py[line:294]: - Epoch 00002 | Step 00020 | Loss 57.1523 | F1 0.8257 0.7583 0.9063 | Speed (samples/sec) 10626.4025|31879.2076 | Load 27.3179| train 92.4160 | GPU 8830.4 MB
main_link_prediction.py[line:299]: - Epoch Time(s): 3568.8613
main_link_prediction.py[line:303]: - [Total] Epoch 00002 | Step 00027 | Loss 1590.1197 | F1 0.8289 0.7626 0.9079 | Speed (samples/sec) 10468.8487|31406.5461 | Load 27.3050| train 92.2721 | GPU 8830.4 MB
utils.py[line:250]: - eval subgraph edge number: 4077830
100%|██████████| 160/160 [1:18:16<00:00, 29.35s/it]
main_link_prediction.py[line:308]: - Eval Link Prediction valid MRR 0.6901 MR 3.6209 Hits@1 0.5561 Hits@50 0.8751 Hits@100 0.9563 NDCG 0.0000
main_link_prediction.py[line:294]: - Epoch 00003 | Step 00020 | Loss 56.5399 | F1 0.8458 0.7844 0.9177 | Speed (samples/sec) 10333.9045|31001.7135 | Load 27.8068| train 93.9922 | GPU 8853.3 MB
main_link_prediction.py[line:299]: - Epoch Time(s): 3566.2943
main_link_prediction.py[line:303]: - [Total] Epoch 00003 | Step 00027 | Loss 1547.4698 | F1 0.8462 0.7850 0.9177 | Speed (samples/sec) 10234.6252|30703.8755 | Load 27.7736| train 93.8037 | GPU 8853.3 MB
utils.py[line:250]: - eval subgraph edge number: 4077830
100%|██████████| 160/160 [1:17:32<00:00, 29.08s/it]
main_link_prediction.py[line:308]: - Eval Link Prediction valid MRR 0.7068 MR 3.4355 Hits@1 0.5719 Hits@50 0.8964 Hits@100 0.9601 NDCG 0.0000
main_link_prediction.py[line:294]: - Epoch 00004 | Step 00020 | Loss 52.0484 | F1 0.8516 0.7920 0.9208 | Speed (samples/sec) 10197.7854|30593.3561 | Load 27.9229| train 94.6597 | GPU 8853.3 MB
main_link_prediction.py[line:299]: - Epoch Time(s): 3480.0324
main_link_prediction.py[line:303]: - [Total] Epoch 00004 | Step 00027 | Loss 1490.6591 | F1 0.8520 0.7930 0.9206 | Speed (samples/sec) 10144.8035|30434.4104 | Load 27.8133| train 94.3172 | GPU 8853.3 MB
utils.py[line:250]: - eval subgraph edge number: 4077830
100%|██████████| 160/160 [1:15:00<00:00, 28.13s/it]
main_link_prediction.py[line:308]: - Eval Link Prediction valid MRR 0.7131 MR 3.1991 Hits@1 0.5772 Hits@50 0.9054 Hits@100 0.9644 NDCG 0.0000
main_link_prediction.py[line:294]: - Epoch 00005 | Step 00020 | Loss 53.8792 | F1 0.8532 0.7947 0.9209 | Speed (samples/sec) 10147.0018|30441.0053 | Load 27.9361| train 94.6837 | GPU 8875.0 MB
main_link_prediction.py[line:299]: - Epoch Time(s): 3440.7684
main_link_prediction.py[line:303]: - [Total] Epoch 00005 | Step 00027 | Loss 1436.0937 | F1 0.8538 0.7955 0.9213 | Speed (samples/sec) 10104.2301|30312.6903 | Load 27.8393| train 94.4186 | GPU 8875.0 MB
utils.py[line:250]: - eval subgraph edge number: 4077830
100%|██████████| 160/160 [1:15:00<00:00, 28.13s/it]
main_link_prediction.py[line:308]: - Eval Link Prediction valid MRR 0.7262 MR 3.0255 Hits@1 0.5931 Hits@50 0.9136 Hits@100 0.9663 NDCG 0.0000
main_link_prediction.py[line:294]: - Epoch 00006 | Step 00020 | Loss 48.2662 | F1 0.8549 0.7964 0.9226 | Speed (samples/sec) 10098.9478|30296.8433 | Load 27.9592| train 94.8456 | GPU 8875.0 MB
main_link_prediction.py[line:299]: - Epoch Time(s): 3462.9857
main_link_prediction.py[line:303]: - [Total] Epoch 00006 | Step 00027 | Loss 1379.8235 | F1 0.8543 0.7962 0.9217 | Speed (samples/sec) 10066.3057|30198.9172 | Load 27.8678| train 94.5956 | GPU 8875.0 MB
utils.py[line:250]: - eval subgraph edge number: 4077830
100%|██████████| 160/160 [1:15:13<00:00, 28.21s/it]
main_link_prediction.py[line:308]: - Eval Link Prediction valid MRR 0.7309 MR 2.9492 Hits@1 0.6014 Hits@50 0.9114 Hits@100 0.9665 NDCG 0.0000
main_link_prediction.py[line:294]: - Epoch 00007 | Step 00020 | Loss 49.9014 | F1 0.8568 0.7981 0.9247 | Speed (samples/sec) 10072.1813|30216.5438 | Load 27.9153| train 94.9182 | GPU 8875.0 MB
main_link_prediction.py[line:299]: - Epoch Time(s): 3455.0195
main_link_prediction.py[line:303]: - [Total] Epoch 00007 | Step 00027 | Loss 1350.7212 | F1 0.8560 0.7978 0.9234 | Speed (samples/sec) 10040.8205|30122.4615 | Load 27.8480| train 94.7328 | GPU 8875.0 MB
utils.py[line:250]: - eval subgraph edge number: 4077830
100%|██████████| 160/160 [1:15:08<00:00, 28.18s/it]
main_link_prediction.py[line:308]: - Eval Link Prediction valid MRR 0.7102 MR 3.0242 Hits@1 0.5694 Hits@50 0.9065 Hits@100 0.9658 NDCG 0.0000
main_link_prediction.py[line:294]: - Epoch 00008 | Step 00020 | Loss 46.0727 | F1 0.8568 0.7993 0.9233 | Speed (samples/sec) 10048.5990|30145.7971 | Load 27.9316| train 94.9599 | GPU 8875.0 MB
main_link_prediction.py[line:299]: - Epoch Time(s): 3445.3897
main_link_prediction.py[line:303]: - [Total] Epoch 00008 | Step 00027 | Loss 1286.9083 | F1 0.8564 0.7981 0.9239 | Speed (samples/sec) 10024.1966|30072.5897 | Load 27.8697| train 94.7635 | GPU 8875.0 MB
utils.py[line:250]: - eval subgraph edge number: 4077830
100%|██████████| 160/160 [1:15:32<00:00, 28.33s/it]
main_link_prediction.py[line:308]: - Eval Link Prediction valid MRR 0.7072 MR 2.9495 Hits@1 0.5642 Hits@50 0.9072 Hits@100 0.9670 NDCG 0.0000
main_link_prediction.py[line:294]: - Epoch 00009 | Step 00020 | Loss 44.5473 | F1 0.8568 0.7997 0.9227 | Speed (samples/sec) 10036.8312|30110.4937 | Load 27.8841| train 94.9672 | GPU 8875.0 MB
main_link_prediction.py[line:299]: - Epoch Time(s): 3417.5268
main_link_prediction.py[line:303]: - [Total] Epoch 00009 | Step 00027 | Loss 1236.8938 | F1 0.8563 0.7983 0.9234 | Speed (samples/sec) 10018.9740|30056.9219 | Load 27.8192| train 94.7553 | GPU 8875.0 MB
utils.py[line:250]: - eval subgraph edge number: 4077830
100%|██████████| 160/160 [1:14:06<00:00, 27.79s/it]
main_link_prediction.py[line:308]: - Eval Link Prediction valid MRR 0.7083 MR 2.9020 Hits@1 0.5658 Hits@50 0.9078 Hits@100 0.9668 NDCG 0.0000
main_link_prediction.py[line:330]: - Avg epoch time: 3817.689513603846